[2023-05-07 19:14:04] [WARNING]: 账号密码未配置, 将使用二维码登录. 
[2023-05-07 19:14:04] [INFO]: 当前版本:v1.0.1 
[2023-05-07 19:14:04] [WARNING]: 虚拟设备信息不存在, 将自动生成随机设备. 
[2023-05-07 19:14:05] [INFO]: 已生成设备信息并保存到 device.json 文件. 
[2023-05-07 19:14:05] [INFO]: 开始尝试登录并同步消息... 
[2023-05-07 19:14:05] [INFO]: 使用协议: Android Pad 8.9.35.10440 
[2023-05-07 19:14:05] [WARNING]: 当前协议不支持二维码登录, 请配置账号密码登录. 
[2023-05-07 19:26:31] [INFO]: 当前版本:v1.0.1 
[2023-05-07 19:26:31] [INFO]: 将使用 device.json 内的设备信息运行Bot. 
[2023-05-07 19:26:31] [INFO]: 开始尝试登录并同步消息... 
[2023-05-07 19:26:31] [INFO]: 使用协议: Android Watch 2.0.8 
[2023-05-07 19:26:32] [INFO]: Protocol -> connect to server: [::ffff:36.155.201.162]:443 
[2023-05-07 19:26:34] [WARNING]: 登录需要滑条验证码, 请验证后重试. 
[2023-05-07 19:26:34] [WARNING]: 请选择提交滑块ticket方式: 
[2023-05-07 19:26:34] [WARNING]: 1. 自动提交 
[2023-05-07 19:26:34] [WARNING]: 2. 手动抓取提交 
[2023-05-07 19:26:34] [WARNING]: 请输入(1 - 2)： 
[2023-05-07 19:26:38] [WARNING]: 请前往该地址验证 -> https://captcha.go-cqhttp.org/captcha?id=nBrC64er&style=simple&aid=16&uin=1209309260&sid=5655394327515859690&cap_cd=PGEZmUstzfHmO_RuxBeeLsg7qYLzlRbnso639UTXM0xD8qT086IXbA**&clientype=1&apptype=2  
[2023-05-07 19:27:01] [WARNING]: 登录失败: 请使用手Q扫描二维码或短信登录。 Code: 238 
[2023-05-07 19:27:01] [INFO]: 按 Enter 继续.... 
[2023-05-07 19:47:00] [ERROR]: Protocol -> unexpected disconnect: EOF 
[2023-05-07 19:47:00] [INFO]: Protocol -> connect to server: 36.155.213.223:8080 
[2023-05-07 19:47:01] [ERROR]: Protocol -> parse incoming packet error: return code unsuccessful: -10005 
[2023-05-07 19:47:58] [INFO]: 当前版本:v1.0.1 
[2023-05-07 19:47:58] [INFO]: 将使用 device.json 内的设备信息运行Bot. 
[2023-05-07 19:47:58] [INFO]: 开始尝试登录并同步消息... 
[2023-05-07 19:47:58] [INFO]: 使用协议: iPad 8.9.33.614 
[2023-05-07 19:47:59] [INFO]: Protocol -> connect to server: 36.155.201.31:8080 
[2023-05-07 19:48:01] [WARNING]: 登录需要滑条验证码, 请验证后重试. 
[2023-05-07 19:48:01] [WARNING]: 请选择提交滑块ticket方式: 
[2023-05-07 19:48:01] [WARNING]: 1. 自动提交 
[2023-05-07 19:48:01] [WARNING]: 2. 手动抓取提交 
[2023-05-07 19:48:01] [WARNING]: 请输入(1 - 2)： 
[2023-05-07 19:48:06] [WARNING]: 请前往该地址验证 -> https://captcha.go-cqhttp.org/captcha?id=GXv7t7rc&style=simple&aid=16&uin=1209309260&sid=7540534415229161457&cap_cd=jGPm6DHztVfegQNFRtDYHv6KqCe_kdL-C9B79IZRfBfgJxRz35i9Lw**&clientype=1&apptype=2  
[2023-05-07 19:48:25] [WARNING]: 账号已开启设备锁，请选择验证方式: 
[2023-05-07 19:48:25] [WARNING]: 1. 向手机 138*******9 发送短信验证码 
[2023-05-07 19:48:25] [WARNING]: 2. 使用手机QQ扫码验证. 
[2023-05-07 19:48:25] [WARNING]: 请输入(1 - 2)： 
[2023-05-07 19:48:36] [WARNING]: 请输入短信验证码： (Enter 提交) 
[2023-05-07 19:49:20] [INFO]: 登录成功 欢迎使用: Xandeor 
[2023-05-07 19:49:20] [INFO]: 开始加载好友列表... 
[2023-05-07 19:49:20] [INFO]: 共加载 6 个好友. 
[2023-05-07 19:49:20] [INFO]: 开始加载群列表... 
[2023-05-07 19:49:21] [INFO]: 共加载 5 个群. 
[2023-05-07 19:49:21] [INFO]: 资源初始化完成, 开始处理信息. 
[2023-05-07 19:49:21] [INFO]: アトリは、高性能ですから! 
[2023-05-07 19:49:21] [WARNING]: 正向 Websocket 使用了过时的配置格式，请更新配置文件 
[2023-05-07 19:49:21] [WARNING]: HTTP 服务器使用了过时的配置格式，请更新配置文件！ 
[2023-05-07 19:49:21] [INFO]: 正在检查更新. 
[2023-05-07 19:49:21] [INFO]: CQ HTTP 服务器已启动: 127.0.0.1:5700 
[2023-05-07 19:49:21] [INFO]: CQ WebSocket 服务器已启动: 127.0.0.1:8080 
[2023-05-07 19:49:21] [INFO]: 接受 WebSocket 连接: 127.0.0.1:54414 (/) 
[2023-05-07 19:49:22] [INFO]: 检查更新完成. 当前已运行最新版本. 
[2023-05-07 19:49:22] [INFO]: 开始诊断网络情况 
[2023-05-07 19:49:22] [INFO]: 收到服务器地址更新通知, 将在下一次重连时应用.  
[2023-05-07 19:49:25] [INFO]: 网络诊断完成. 未发现问题 
[2023-05-07 19:51:29] [INFO]: 当前版本:v1.0.1 
[2023-05-07 19:51:29] [INFO]: 将使用 device.json 内的设备信息运行Bot. 
[2023-05-07 19:51:29] [INFO]: 开始尝试登录并同步消息... 
[2023-05-07 19:51:29] [INFO]: 使用协议: iPad 8.9.33.614 
[2023-05-07 19:51:29] [INFO]: Protocol -> connect to server: [::ffff:36.155.202.141]:443 
[2023-05-07 19:51:30] [WARNING]: Protocol -> device lock is disable. http api may fail. 
[2023-05-07 19:51:32] [INFO]: 登录成功 欢迎使用: Xandeor 
[2023-05-07 19:51:32] [INFO]: 开始加载好友列表... 
[2023-05-07 19:51:32] [INFO]: 共加载 6 个好友. 
[2023-05-07 19:51:32] [INFO]: 开始加载群列表... 
[2023-05-07 19:51:32] [INFO]: 共加载 5 个群. 
[2023-05-07 19:51:32] [INFO]: 资源初始化完成, 开始处理信息. 
[2023-05-07 19:51:32] [INFO]: アトリは、高性能ですから! 
[2023-05-07 19:51:32] [WARNING]: HTTP 服务器使用了过时的配置格式，请更新配置文件！ 
[2023-05-07 19:51:32] [WARNING]: 正向 Websocket 使用了过时的配置格式，请更新配置文件 
[2023-05-07 19:51:32] [INFO]: CQ WebSocket 服务器已启动: 127.0.0.1:8080 
[2023-05-07 19:51:32] [INFO]: 正在检查更新. 
[2023-05-07 19:51:32] [INFO]: CQ HTTP 服务器已启动: 127.0.0.1:5700 
[2023-05-07 19:51:33] [INFO]: 接受 WebSocket 连接: 127.0.0.1:54597 (/) 
[2023-05-07 19:51:33] [INFO]: 检查更新完成. 当前已运行最新版本. 
[2023-05-07 19:51:33] [INFO]: 开始诊断网络情况 
[2023-05-07 19:51:36] [INFO]: 网络诊断完成. 未发现问题 
[2023-05-07 19:52:44] [INFO]: 当前版本:v1.0.1 
[2023-05-07 19:52:44] [INFO]: 将使用 device.json 内的设备信息运行Bot. 
[2023-05-07 19:52:44] [INFO]: 开始尝试登录并同步消息... 
[2023-05-07 19:52:44] [INFO]: 使用协议: iPad 8.9.33.614 
[2023-05-07 19:52:44] [INFO]: Protocol -> connect to server: [::ffff:36.155.207.223]:14000 
[2023-05-07 19:52:45] [WARNING]: Protocol -> device lock is disable. http api may fail. 
[2023-05-07 19:52:47] [INFO]: 登录成功 欢迎使用: Xandeor 
[2023-05-07 19:52:47] [INFO]: 开始加载好友列表... 
[2023-05-07 19:52:47] [INFO]: 共加载 6 个好友. 
[2023-05-07 19:52:47] [INFO]: 开始加载群列表... 
[2023-05-07 19:52:47] [INFO]: 共加载 5 个群. 
[2023-05-07 19:52:48] [INFO]: 资源初始化完成, 开始处理信息. 
[2023-05-07 19:52:48] [INFO]: アトリは、高性能ですから! 
[2023-05-07 19:52:48] [WARNING]: 正向 Websocket 使用了过时的配置格式，请更新配置文件 
[2023-05-07 19:52:48] [WARNING]: HTTP 服务器使用了过时的配置格式，请更新配置文件！ 
[2023-05-07 19:52:48] [INFO]: 正在检查更新. 
[2023-05-07 19:52:48] [INFO]: CQ HTTP 服务器已启动: 127.0.0.1:5700 
[2023-05-07 19:52:48] [INFO]: CQ WebSocket 服务器已启动: 127.0.0.1:8080 
[2023-05-07 19:52:48] [INFO]: 接受 WebSocket 连接: 127.0.0.1:54665 (/) 
[2023-05-07 19:52:49] [INFO]: 检查更新完成. 当前已运行最新版本. 
[2023-05-07 19:52:49] [INFO]: 开始诊断网络情况 
[2023-05-07 19:52:52] [INFO]: 网络诊断完成. 未发现问题 
[2023-05-07 19:53:33] [INFO]: 群 一方净土(521255310) 内 Xandeor(1209309260) 撤回了 Xandeor(1209309260) 的消息: -883669826. 
[2023-05-07 19:53:37] [INFO]: Bot 账号在客户端 iPhone (iPhone) 登出. 
[2023-05-07 19:54:02] [INFO]: 收到群 一方净土(521255310) 内 Sydrr0(2562312527) 的消息: #echo hello world (-1135381464) 
[2023-05-07 19:54:02] [INFO]: 发送群 一方净土(521255310) 的消息: [CQ:reply, ... (-594215475) 
[2023-05-07 19:54:29] [INFO]: 收到群 一方净土(521255310) 内 Sydrr0(2562312527) 的消息: help (-1416376997) 
[2023-05-07 19:54:40] [INFO]: 收到群 一方净土(521255310) 内 Sydrr0(2562312527) 的消息: #echo help (848993505) 
[2023-05-07 19:54:40] [INFO]: 发送群 一方净土(521255310) 的消息: [CQ:reply, ... (1167961207) 
[2023-05-07 19:54:44] [INFO]: 群 一方净土(521255310) 内 Sydrr0(2562312527) 撤回了 Sydrr0(2562312527) 的消息: -1416376997. 
[2023-05-07 19:58:22] [INFO]: 收到来自群 csgo友友(725665163) 内用户 Sydrr0(2562312527) 的加群邀请. 
[2023-05-07 19:58:22] [INFO]: 收到好友 Sydrr0(2562312527) 的消息: [CQ:json,data={"app":"com.tencent.qun.invite"&#44;"config":{"autosize":0&#44;"ctime":1683460702&#44;"round":1&#44;"token":"e5b0b4b1280bacff881ae80bc7b55a3b"&#44;"type":"normal"}&#44;"meta":{"news":{"desc":"邀请你加入群聊“csgo友友”，进入可查看详情。"&#44;"jumpUrl":"mqqapi://group/invite_join?src_type=internal&amp;version=1&amp;groupcode=725665163&amp;msgseq=1683460702240043&amp;groupname=csgo%e5%8f%8b%e5%8f%8b&amp;senderuin=2562312527&amp;receiveruin=1209309260"&#44;"preview":"https://p.qlogo.cn/gh/725665163/725665163/?t=1683460702"&#44;"tag":"邀请加群"&#44;"tagIcon":"https://downv6.qq.com/innovate/group_ark_icon.png"&#44;"title":"邀请你加入群聊"}}&#44;"prompt":"邀请加群"&#44;"ver":"1.0.0.31"&#44;"view":"news"}
] (-623268254) 
[2023-05-07 20:02:04] [INFO]: 收到群 一方净土(521255310) 内 Sydrr0(2562312527) 的消息: #echo 不要复读 (-604423724) 
[2023-05-07 20:02:05] [INFO]: 发送群 一方净土(521255310) 的消息: [CQ:reply, ... (-1392637630) 
[2023-05-07 20:02:21] [INFO]: 收到群 一方净土(521255310) 内 Sydrr0(2562312527) 的消息: #echo 傻逼 (905402616) 
[2023-05-07 20:02:22] [INFO]: 发送群 一方净土(521255310) 的消息: [CQ:reply, ... (1123051630) 
[2023-05-07 20:02:46] [INFO]: 收到来自群 Xandeor、忘筌、Sydrr0(257506703) 内用户 Sydrr0(2562312527) 的加群邀请. 
[2023-05-07 20:02:46] [INFO]: Bot进入了群 Xandeor、忘筌、Sydrr0(257506703). 
[2023-05-07 20:02:46] [WARNING]: Protocol -> process channel event error: guild not found. 
[2023-05-07 20:03:03] [INFO]: 收到群 Xandeor、忘筌、Sydrr0(257506703) 内 Sydrr0(2562312527) 的消息: 257506703 (-1118430849) 
[2023-05-07 20:03:46] [INFO]: 当前版本:v1.0.1 
[2023-05-07 20:03:46] [INFO]: 将使用 device.json 内的设备信息运行Bot. 
[2023-05-07 20:03:46] [INFO]: 开始尝试登录并同步消息... 
[2023-05-07 20:03:46] [INFO]: 使用协议: iPad 8.9.33.614 
[2023-05-07 20:03:47] [INFO]: Protocol -> connect to server: [::ffff:36.155.248.73]:80 
[2023-05-07 20:03:47] [WARNING]: Protocol -> device lock is disable. http api may fail. 
[2023-05-07 20:03:49] [INFO]: 登录成功 欢迎使用: Xandeor 
[2023-05-07 20:03:49] [INFO]: 开始加载好友列表... 
[2023-05-07 20:03:49] [INFO]: 共加载 6 个好友. 
[2023-05-07 20:03:49] [INFO]: 开始加载群列表... 
[2023-05-07 20:03:49] [INFO]: 共加载 6 个群. 
[2023-05-07 20:03:49] [INFO]: 资源初始化完成, 开始处理信息. 
[2023-05-07 20:03:49] [INFO]: アトリは、高性能ですから! 
[2023-05-07 20:03:49] [WARNING]: 正向 Websocket 使用了过时的配置格式，请更新配置文件 
[2023-05-07 20:03:49] [WARNING]: HTTP 服务器使用了过时的配置格式，请更新配置文件！ 
[2023-05-07 20:03:49] [INFO]: CQ WebSocket 服务器已启动: 127.0.0.1:8080 
[2023-05-07 20:03:49] [INFO]: 正在检查更新. 
[2023-05-07 20:03:49] [INFO]: CQ HTTP 服务器已启动: 127.0.0.1:5700 
[2023-05-07 20:03:50] [INFO]: 接受 WebSocket 连接: 127.0.0.1:54886 (/) 
[2023-05-07 20:03:50] [INFO]: 检查更新完成. 当前已运行最新版本. 
[2023-05-07 20:03:50] [INFO]: 开始诊断网络情况 
[2023-05-07 20:03:53] [INFO]: 网络诊断完成. 未发现问题 
[2023-05-07 20:03:57] [INFO]: 收到群 Xandeor、忘筌、Sydrr0(257506703) 内 Sydrr0(2562312527) 的消息: #echo 您好 (-1260366508) 
[2023-05-07 20:03:58] [INFO]: 发送群 Xandeor、忘筌、Sydrr0(257506703) 的消息: [CQ:reply, ... (1252323647) 
[2023-05-07 20:04:09] [INFO]: 收到群 Xandeor、忘筌、Sydrr0(257506703) 内 Sydrr0(2562312527) 的消息: #echo 不要复读 (1034142121) 
[2023-05-07 20:04:09] [INFO]: 发送群 Xandeor、忘筌、Sydrr0(257506703) 的消息: [CQ:reply, ... (-1532325869) 
[2023-05-07 20:04:14] [INFO]: 收到群 Xandeor、忘筌、Sydrr0(257506703) 内 忘筌(3259258590) 的消息: [CQ:image,file=984b6ca817bbc4f431babb977cda2815.image,subType=7,url=https://gchat.qpic.cn/gchatpic_new/3259258590/4147506703-2582266052-984B6CA817BBC4F431BABB977CDA2815/0?term=3&amp;is_origin=0] (-743595899) 
[2023-05-07 20:04:23] [INFO]: 收到群 Xandeor、忘筌、Sydrr0(257506703) 内 Sydrr0(2562312527) 的消息: #echo 我现在只弄了复读的 (1305031974) 
[2023-05-07 20:04:24] [INFO]: 发送群 Xandeor、忘筌、Sydrr0(257506703) 的消息: [CQ:reply, ... (986580400) 
[2023-05-07 20:04:30] [INFO]: 收到群 Xandeor、忘筌、Sydrr0(257506703) 内 忘筌(3259258590) 的消息: 哦哦 (-1547217910) 
[2023-05-07 20:04:39] [INFO]: 收到群 Xandeor、忘筌、Sydrr0(257506703) 内 Sydrr0(2562312527) 的消息: #echo 你试试 (-725588836) 
[2023-05-07 20:04:39] [INFO]: 发送群 Xandeor、忘筌、Sydrr0(257506703) 的消息: [CQ:reply, ... (1149204749) 
[2023-05-07 20:05:10] [INFO]: 收到群 Xandeor、忘筌、Sydrr0(257506703) 内 忘筌(3259258590) 的消息: #echo 梦魇武器箱 (863521179) 
[2023-05-07 20:05:10] [INFO]: 发送群 Xandeor、忘筌、Sydrr0(257506703) 的消息: [CQ:reply, ... (1405075582) 
[2023-05-07 20:05:24] [INFO]: 收到群 Xandeor、忘筌、Sydrr0(257506703) 内 忘筌(3259258590) 的消息: 还没加数据是吧 (616100072) 
[2023-05-07 20:05:32] [INFO]: 收到群 Xandeor、忘筌、Sydrr0(257506703) 内 Sydrr0(2562312527) 的消息: 是 (-1112432302) 
[2023-05-07 20:05:37] [INFO]: 收到群 Xandeor、忘筌、Sydrr0(257506703) 内 忘筌(3259258590) 的消息: [CQ:image,file=8906787428a297703305a1435a23c9ba.image,subType=7,url=https://gchat.qpic.cn/gchatpic_new/3259258590/4147506703-3108859306-8906787428A297703305A1435A23C9BA/0?term=3&amp;is_origin=0] (-894004796) 
[2023-05-07 20:05:41] [INFO]: 收到群 Xandeor、忘筌、Sydrr0(257506703) 内 忘筌(3259258590) 的消息: 不错了 (1423049831) 
[2023-05-07 20:07:35] [FATAL]: open cache image db failed: The process cannot access the file because it is being used by another process. 
[2023-05-07 20:09:09] [INFO]: 当前版本:v1.0.1 
[2023-05-07 20:09:09] [INFO]: 将使用 device.json 内的设备信息运行Bot. 
[2023-05-07 20:09:09] [INFO]: 开始尝试登录并同步消息... 
[2023-05-07 20:09:09] [INFO]: 使用协议: iPad 8.9.33.614 
[2023-05-07 20:09:10] [INFO]: Protocol -> connect to server: 36.155.201.42:8080 
[2023-05-07 20:09:10] [WARNING]: Protocol -> device lock is disable. http api may fail. 
[2023-05-07 20:09:12] [INFO]: 登录成功 欢迎使用: Xandeor 
[2023-05-07 20:09:12] [INFO]: 开始加载好友列表... 
[2023-05-07 20:09:12] [INFO]: 共加载 6 个好友. 
[2023-05-07 20:09:12] [INFO]: 开始加载群列表... 
[2023-05-07 20:09:13] [INFO]: 共加载 6 个群. 
[2023-05-07 20:09:13] [INFO]: 资源初始化完成, 开始处理信息. 
[2023-05-07 20:09:13] [INFO]: アトリは、高性能ですから! 
[2023-05-07 20:09:13] [WARNING]: 正向 Websocket 使用了过时的配置格式，请更新配置文件 
[2023-05-07 20:09:13] [WARNING]: HTTP 服务器使用了过时的配置格式，请更新配置文件！ 
[2023-05-07 20:09:13] [INFO]: 正在检查更新. 
[2023-05-07 20:09:13] [INFO]: CQ HTTP 服务器已启动: 127.0.0.1:5700 
[2023-05-07 20:09:13] [INFO]: CQ WebSocket 服务器已启动: 127.0.0.1:8080 
[2023-05-07 20:09:13] [INFO]: 接受 WebSocket 连接: 127.0.0.1:55025 (/) 
[2023-05-07 20:09:13] [INFO]: 检查更新完成. 当前已运行最新版本. 
[2023-05-07 20:09:13] [INFO]: 开始诊断网络情况 
[2023-05-07 20:09:16] [INFO]: 收到群 Xandeor、忘筌、Sydrr0(257506703) 内 Sydrr0(2562312527) 的消息: #echo help (711162074) 
[2023-05-07 20:09:16] [INFO]: 发送群 Xandeor、忘筌、Sydrr0(257506703) 的消息: [CQ:reply, ... (-2143566482) 
[2023-05-07 20:09:16] [INFO]: 网络诊断完成. 未发现问题 
[2023-05-07 20:09:22] [INFO]: 收到群 Xandeor、忘筌、Sydrr0(257506703) 内 Sydrr0(2562312527) 的消息: #help (-146999816) 
[2023-05-07 20:09:22] [INFO]: 发送群 Xandeor、忘筌、Sydrr0(257506703) 的消息: [CQ:reply, ... (1849009218) 
[2023-05-07 20:10:11] [INFO]: 收到群 Xandeor、忘筌、Sydrr0(257506703) 内 Sydrr0(2562312527) 的消息: #status (422745300) 
[2023-05-07 20:10:12] [INFO]: 发送群 Xandeor、忘筌、Sydrr0(257506703) 的消息: Sydrr0 (qq ... (-2024406665) 
[2023-05-07 20:14:20] [INFO]: 收到群 一方净土(521255310) 内 archacrofoest.(3406372949) 的消息: 6 (-766544385) 
[2023-05-07 20:24:40] [FATAL]: open cache image db failed: The process cannot access the file because it is being used by another process. 
[2023-05-07 20:25:00] [INFO]: 收到群 Xandeor、忘筌、Sydrr0(257506703) 内 Sydrr0(2562312527) 的消息: #echo (-263114271) 
[2023-05-07 20:25:01] [INFO]: 发送群 Xandeor、忘筌、Sydrr0(257506703) 的消息: [CQ:reply, ... (1767399515) 
[2023-05-07 20:25:08] [INFO]: 收到群 Xandeor、忘筌、Sydrr0(257506703) 内 Sydrr0(2562312527) 的消息: #echo h (509563085) 
[2023-05-07 20:25:08] [INFO]: 发送群 Xandeor、忘筌、Sydrr0(257506703) 的消息: [CQ:reply, ... (-1897902756) 
[2023-05-07 20:25:25] [INFO]: 当前版本:v1.0.1 
[2023-05-07 20:25:25] [INFO]: 将使用 device.json 内的设备信息运行Bot. 
[2023-05-07 20:25:25] [INFO]: 开始尝试登录并同步消息... 
[2023-05-07 20:25:25] [INFO]: 使用协议: iPad 8.9.33.614 
[2023-05-07 20:25:26] [INFO]: Protocol -> connect to server: 36.155.213.223:8080 
[2023-05-07 20:25:26] [WARNING]: Protocol -> device lock is disable. http api may fail. 
[2023-05-07 20:25:28] [INFO]: 登录成功 欢迎使用: Xandeor 
[2023-05-07 20:25:28] [INFO]: 开始加载好友列表... 
[2023-05-07 20:25:28] [INFO]: 共加载 6 个好友. 
[2023-05-07 20:25:28] [INFO]: 开始加载群列表... 
[2023-05-07 20:25:28] [INFO]: 共加载 6 个群. 
[2023-05-07 20:25:29] [INFO]: 资源初始化完成, 开始处理信息. 
[2023-05-07 20:25:29] [INFO]: アトリは、高性能ですから! 
[2023-05-07 20:25:29] [WARNING]: 正向 Websocket 使用了过时的配置格式，请更新配置文件 
[2023-05-07 20:25:29] [WARNING]: HTTP 服务器使用了过时的配置格式，请更新配置文件！ 
[2023-05-07 20:25:29] [INFO]: CQ WebSocket 服务器已启动: 127.0.0.1:8080 
[2023-05-07 20:25:29] [INFO]: 正在检查更新. 
[2023-05-07 20:25:29] [INFO]: CQ HTTP 服务器已启动: 127.0.0.1:5700 
[2023-05-07 20:25:29] [INFO]: 接受 WebSocket 连接: 127.0.0.1:55307 (/) 
[2023-05-07 20:25:30] [INFO]: 检查更新完成. 当前已运行最新版本. 
[2023-05-07 20:25:30] [INFO]: 开始诊断网络情况 
[2023-05-07 20:25:31] [INFO]: 收到群 Xandeor、忘筌、Sydrr0(257506703) 内 Sydrr0(2562312527) 的消息: #echo  (-102269494) 
[2023-05-07 20:25:32] [INFO]: 发送群 Xandeor、忘筌、Sydrr0(257506703) 的消息: [CQ:reply, ... (-1725893585) 
[2023-05-07 20:25:33] [INFO]: 网络诊断完成. 未发现问题 
[2023-05-07 20:25:39] [INFO]: 收到群 Xandeor、忘筌、Sydrr0(257506703) 内 Sydrr0(2562312527) 的消息: #echo message (-299383623) 
[2023-05-07 20:25:39] [INFO]: 发送群 Xandeor、忘筌、Sydrr0(257506703) 的消息: [CQ:reply, ... (1999541507) 
[2023-05-07 20:26:10] [INFO]: 当前版本:v1.0.1 
[2023-05-07 20:26:10] [INFO]: 将使用 device.json 内的设备信息运行Bot. 
[2023-05-07 20:26:10] [INFO]: 开始尝试登录并同步消息... 
[2023-05-07 20:26:10] [INFO]: 使用协议: iPad 8.9.33.614 
[2023-05-07 20:26:11] [INFO]: Protocol -> connect to server: 36.155.213.223:8080 
[2023-05-07 20:26:11] [WARNING]: Protocol -> device lock is disable. http api may fail. 
[2023-05-07 20:26:13] [INFO]: 登录成功 欢迎使用: Xandeor 
[2023-05-07 20:26:13] [INFO]: 开始加载好友列表... 
[2023-05-07 20:26:13] [INFO]: 共加载 6 个好友. 
[2023-05-07 20:26:13] [INFO]: 开始加载群列表... 
[2023-05-07 20:26:13] [INFO]: 共加载 6 个群. 
[2023-05-07 20:26:13] [INFO]: 资源初始化完成, 开始处理信息. 
[2023-05-07 20:26:13] [WARNING]: 正向 Websocket 使用了过时的配置格式，请更新配置文件 
[2023-05-07 20:26:13] [WARNING]: HTTP 服务器使用了过时的配置格式，请更新配置文件！ 
[2023-05-07 20:26:13] [INFO]: アトリは、高性能ですから! 
[2023-05-07 20:26:13] [INFO]: CQ WebSocket 服务器已启动: 127.0.0.1:8080 
[2023-05-07 20:26:13] [INFO]: CQ HTTP 服务器已启动: 127.0.0.1:5700 
[2023-05-07 20:26:13] [INFO]: 正在检查更新. 
[2023-05-07 20:26:13] [INFO]: 接受 WebSocket 连接: 127.0.0.1:55370 (/) 
[2023-05-07 20:26:14] [INFO]: 检查更新完成. 当前已运行最新版本. 
[2023-05-07 20:26:14] [INFO]: 开始诊断网络情况 
[2023-05-07 20:26:17] [WARNING]: 警告: 聊天服务器延迟为 1053ms，大于 1000ms, 可能出现消息丢失/延迟或频繁掉线等情况, 请检查本地网络状态. 
[2023-05-07 20:26:17] [INFO]: 网络诊断完成. 发现问题, 请检查日志. 
[2023-05-07 20:26:18] [INFO]: 收到群 Xandeor、忘筌、Sydrr0(257506703) 内 Sydrr0(2562312527) 的消息: #echo (2729365) 
[2023-05-07 20:26:19] [INFO]: 发送群 Xandeor、忘筌、Sydrr0(257506703) 的消息: [CQ:reply, ... (-1639108554) 
[2023-05-07 20:26:25] [INFO]: 收到群 Xandeor、忘筌、Sydrr0(257506703) 内 Sydrr0(2562312527) 的消息: #echo o (-381026144) 
[2023-05-07 20:26:25] [INFO]: 发送群 Xandeor、忘筌、Sydrr0(257506703) 的消息: [CQ:reply, ... (1883459866) 
[2023-05-07 20:28:15] [INFO]: 当前版本:v1.0.1 
[2023-05-07 20:28:15] [INFO]: 将使用 device.json 内的设备信息运行Bot. 
[2023-05-07 20:28:15] [INFO]: 开始尝试登录并同步消息... 
[2023-05-07 20:28:15] [INFO]: 使用协议: iPad 8.9.33.614 
[2023-05-07 20:28:16] [INFO]: Protocol -> connect to server: 36.155.213.223:8080 
[2023-05-07 20:28:16] [WARNING]: Protocol -> device lock is disable. http api may fail. 
[2023-05-07 20:28:18] [INFO]: 登录成功 欢迎使用: Xandeor 
[2023-05-07 20:28:18] [INFO]: 开始加载好友列表... 
[2023-05-07 20:28:18] [INFO]: 共加载 6 个好友. 
[2023-05-07 20:28:18] [INFO]: 开始加载群列表... 
[2023-05-07 20:28:19] [INFO]: 共加载 6 个群. 
[2023-05-07 20:28:19] [INFO]: 资源初始化完成, 开始处理信息. 
[2023-05-07 20:28:19] [INFO]: アトリは、高性能ですから! 
[2023-05-07 20:28:19] [WARNING]: 正向 Websocket 使用了过时的配置格式，请更新配置文件 
[2023-05-07 20:28:19] [WARNING]: HTTP 服务器使用了过时的配置格式，请更新配置文件！ 
[2023-05-07 20:28:19] [INFO]: 正在检查更新. 
[2023-05-07 20:28:19] [INFO]: CQ WebSocket 服务器已启动: 127.0.0.1:8080 
[2023-05-07 20:28:19] [INFO]: CQ HTTP 服务器已启动: 127.0.0.1:5700 
[2023-05-07 20:28:19] [INFO]: 接受 WebSocket 连接: 127.0.0.1:55440 (/) 
[2023-05-07 20:28:20] [INFO]: 检查更新完成. 当前已运行最新版本. 
[2023-05-07 20:28:20] [INFO]: 开始诊断网络情况 
[2023-05-07 20:28:21] [INFO]: 收到群 Xandeor、忘筌、Sydrr0(257506703) 内 Sydrr0(2562312527) 的消息: #echo 6 (121921932) 
[2023-05-07 20:28:21] [INFO]: 发送群 Xandeor、忘筌、Sydrr0(257506703) 的消息: [CQ:reply, ... (-1745126371) 
[2023-05-07 20:28:23] [INFO]: 网络诊断完成. 未发现问题 
[2023-05-07 20:28:37] [INFO]: 收到群 Xandeor、忘筌、Sydrr0(257506703) 内 Sydrr0(2562312527) 的消息: #echohelp (-520336245) 
[2023-05-07 20:28:38] [INFO]: 发送群 Xandeor、忘筌、Sydrr0(257506703) 的消息: 指令 #echohe ... (-1307727892) 
[2023-05-07 20:28:44] [INFO]: 收到群 Xandeor、忘筌、Sydrr0(257506703) 内 Sydrr0(2562312527) 的消息: #echo help (-989161606) 
[2023-05-07 20:28:45] [INFO]: 发送群 Xandeor、忘筌、Sydrr0(257506703) 的消息: [CQ:reply, ... (1543751360) 
[2023-05-07 20:28:50] [INFO]: 收到群 Xandeor、忘筌、Sydrr0(257506703) 内 Sydrr0(2562312527) 的消息: #help (721745494) 
[2023-05-07 20:28:51] [INFO]: 发送群 Xandeor、忘筌、Sydrr0(257506703) 的消息: [CQ:reply, ... (-1251974155) 
[2023-05-07 21:10:02] [INFO]: 当前版本:v1.0.1 
[2023-05-07 21:10:02] [INFO]: 将使用 device.json 内的设备信息运行Bot. 
[2023-05-07 21:10:02] [INFO]: 开始尝试登录并同步消息... 
[2023-05-07 21:10:02] [INFO]: 使用协议: iPad 8.9.33.614 
[2023-05-07 21:10:02] [INFO]: Protocol -> connect to server: 36.155.229.123:8080 
[2023-05-07 21:10:02] [WARNING]: Protocol -> device lock is disable. http api may fail. 
[2023-05-07 21:10:05] [INFO]: 登录成功 欢迎使用: Xandeor 
[2023-05-07 21:10:05] [INFO]: 开始加载好友列表... 
[2023-05-07 21:10:05] [INFO]: 共加载 6 个好友. 
[2023-05-07 21:10:05] [INFO]: 开始加载群列表... 
[2023-05-07 21:10:05] [INFO]: 共加载 6 个群. 
[2023-05-07 21:10:05] [INFO]: 资源初始化完成, 开始处理信息. 
[2023-05-07 21:10:05] [WARNING]: HTTP 服务器使用了过时的配置格式，请更新配置文件！ 
[2023-05-07 21:10:05] [WARNING]: 正向 Websocket 使用了过时的配置格式，请更新配置文件 
[2023-05-07 21:10:05] [INFO]: アトリは、高性能ですから! 
[2023-05-07 21:10:05] [INFO]: CQ WebSocket 服务器已启动: 127.0.0.1:8080 
[2023-05-07 21:10:05] [INFO]: CQ HTTP 服务器已启动: 127.0.0.1:5700 
[2023-05-07 21:10:05] [INFO]: 正在检查更新. 
[2023-05-07 21:10:05] [INFO]: 收到服务器地址更新通知, 将在下一次重连时应用.  
[2023-05-07 21:10:05] [INFO]: 接受 WebSocket 连接: 127.0.0.1:55747 (/) 
[2023-05-07 21:10:06] [INFO]: 检查更新完成. 当前已运行最新版本. 
[2023-05-07 21:10:06] [INFO]: 开始诊断网络情况 
[2023-05-07 21:10:09] [INFO]: 网络诊断完成. 未发现问题 
[2023-05-07 21:10:16] [INFO]: 收到群 Xandeor、忘筌、Sydrr0(257506703) 内 Sydrr0(2562312527) 的消息: #总趋势 (-1033415837) 
[2023-05-07 21:10:17] [INFO]: 发送群 Xandeor、忘筌、Sydrr0(257506703) 的消息: [CQ:reply, ... (1533936345) 
[2023-05-07 21:10:23] [INFO]: 收到群 Xandeor、忘筌、Sydrr0(257506703) 内 Sydrr0(2562312527) 的消息: #总趋势 a (745091663) 
[2023-05-07 21:10:23] [INFO]: 发送群 Xandeor、忘筌、Sydrr0(257506703) 的消息: [CQ:reply, ... (-1126813730) 
[2023-05-07 21:11:01] [INFO]: 当前版本:v1.0.1 
[2023-05-07 21:11:01] [INFO]: 将使用 device.json 内的设备信息运行Bot. 
[2023-05-07 21:11:01] [INFO]: 开始尝试登录并同步消息... 
[2023-05-07 21:11:01] [INFO]: 使用协议: iPad 8.9.33.614 
[2023-05-07 21:11:01] [INFO]: Protocol -> connect to server: [::ffff:36.155.201.31]:443 
[2023-05-07 21:11:02] [WARNING]: Protocol -> device lock is disable. http api may fail. 
[2023-05-07 21:11:04] [INFO]: 登录成功 欢迎使用: Xandeor 
[2023-05-07 21:11:04] [INFO]: 开始加载好友列表... 
[2023-05-07 21:11:04] [INFO]: 共加载 6 个好友. 
[2023-05-07 21:11:04] [INFO]: 开始加载群列表... 
[2023-05-07 21:11:04] [INFO]: 共加载 6 个群. 
[2023-05-07 21:11:04] [INFO]: 资源初始化完成, 开始处理信息. 
[2023-05-07 21:11:04] [INFO]: アトリは、高性能ですから! 
[2023-05-07 21:11:04] [WARNING]: HTTP 服务器使用了过时的配置格式，请更新配置文件！ 
[2023-05-07 21:11:04] [WARNING]: 正向 Websocket 使用了过时的配置格式，请更新配置文件 
[2023-05-07 21:11:04] [INFO]: 正在检查更新. 
[2023-05-07 21:11:04] [INFO]: CQ HTTP 服务器已启动: 127.0.0.1:5700 
[2023-05-07 21:11:04] [INFO]: CQ WebSocket 服务器已启动: 127.0.0.1:8080 
[2023-05-07 21:11:05] [INFO]: 接受 WebSocket 连接: 127.0.0.1:55808 (/) 
[2023-05-07 21:11:05] [INFO]: 成员 忘筌(3259258590) 被 Sydrr0(2562312527) T出了群 Xandeor、忘筌、Sydrr0(257506703). 
[2023-05-07 21:11:05] [INFO]: 检查更新完成. 当前已运行最新版本. 
[2023-05-07 21:11:05] [INFO]: 开始诊断网络情况 
[2023-05-07 21:11:08] [INFO]: 网络诊断完成. 未发现问题 
[2023-05-07 21:11:13] [INFO]: 收到群 Xandeor、忘筌、Sydrr0(257506703) 内 Sydrr0(2562312527) 的消息: #总趋势 a (-875487416) 
[2023-05-07 21:11:14] [INFO]: 发送群 Xandeor、忘筌、Sydrr0(257506703) 的消息: [CQ:reply, ... (-1424582995) 
[2023-05-07 21:11:27] [INFO]: 收到群 Xandeor、忘筌、Sydrr0(257506703) 内 Sydrr0(2562312527) 的消息: #help (-602823109) 
[2023-05-07 21:11:28] [INFO]: 发送群 Xandeor、忘筌、Sydrr0(257506703) 的消息: [CQ:reply, ... (1159264129) 
[2023-05-07 21:12:05] [INFO]: 当前版本:v1.0.1 
[2023-05-07 21:12:05] [INFO]: 将使用 device.json 内的设备信息运行Bot. 
[2023-05-07 21:12:05] [INFO]: 开始尝试登录并同步消息... 
[2023-05-07 21:12:05] [INFO]: 使用协议: iPad 8.9.33.614 
[2023-05-07 21:12:06] [INFO]: Protocol -> connect to server: [::ffff:36.155.248.239]:443 
[2023-05-07 21:12:06] [WARNING]: Protocol -> device lock is disable. http api may fail. 
[2023-05-07 21:12:09] [INFO]: 登录成功 欢迎使用: Xandeor 
[2023-05-07 21:12:09] [INFO]: 开始加载好友列表... 
[2023-05-07 21:12:09] [INFO]: 共加载 6 个好友. 
[2023-05-07 21:12:09] [INFO]: 开始加载群列表... 
[2023-05-07 21:12:09] [INFO]: 共加载 6 个群. 
[2023-05-07 21:12:09] [INFO]: 资源初始化完成, 开始处理信息. 
[2023-05-07 21:12:09] [INFO]: アトリは、高性能ですから! 
[2023-05-07 21:12:09] [WARNING]: 正向 Websocket 使用了过时的配置格式，请更新配置文件 
[2023-05-07 21:12:09] [INFO]: 正在检查更新. 
[2023-05-07 21:12:09] [INFO]: CQ WebSocket 服务器已启动: 127.0.0.1:8080 
[2023-05-07 21:12:09] [WARNING]: HTTP 服务器使用了过时的配置格式，请更新配置文件！ 
[2023-05-07 21:12:09] [INFO]: CQ HTTP 服务器已启动: 127.0.0.1:5700 
[2023-05-07 21:12:09] [INFO]: 接受 WebSocket 连接: 127.0.0.1:55862 (/) 
[2023-05-07 21:12:10] [INFO]: 检查更新完成. 当前已运行最新版本. 
[2023-05-07 21:12:10] [INFO]: 开始诊断网络情况 
[2023-05-07 21:12:13] [INFO]: 收到群 Xandeor、忘筌、Sydrr0(257506703) 内 Sydrr0(2562312527) 的消息: #help (-1401204044) 
[2023-05-07 21:12:14] [INFO]: 网络诊断完成. 未发现问题 
[2023-05-07 21:12:14] [INFO]: 发送群 Xandeor、忘筌、Sydrr0(257506703) 的消息: [CQ:reply, ... (-612605406) 
[2023-05-07 21:12:19] [INFO]: 收到群 Xandeor、忘筌、Sydrr0(257506703) 内 Sydrr0(2562312527) 的消息: #总趋势 (1114977176) 
[2023-05-07 21:12:20] [INFO]: 发送群 Xandeor、忘筌、Sydrr0(257506703) 的消息: [CQ:reply, ... (896664334) 
[2023-05-07 21:12:26] [INFO]: 收到群 Xandeor、忘筌、Sydrr0(257506703) 内 Sydrr0(2562312527) 的消息: #总趋势 哈哈 (-1513283937) 
[2023-05-07 21:12:27] [INFO]: 发送群 Xandeor、忘筌、Sydrr0(257506703) 的消息: [CQ:reply, ... (-758501879) 
[2023-05-07 21:54:07] [INFO]: 当前版本:v1.0.1 
[2023-05-07 21:54:07] [INFO]: 将使用 device.json 内的设备信息运行Bot. 
[2023-05-07 21:54:07] [INFO]: 开始尝试登录并同步消息... 
[2023-05-07 21:54:07] [INFO]: 使用协议: iPad 8.9.33.614 
[2023-05-07 21:54:08] [INFO]: Protocol -> connect to server: 36.155.201.42:8080 
[2023-05-07 21:54:08] [WARNING]: Protocol -> device lock is disable. http api may fail. 
[2023-05-07 21:54:10] [INFO]: 登录成功 欢迎使用: Xandeor 
[2023-05-07 21:54:10] [INFO]: 开始加载好友列表... 
[2023-05-07 21:54:11] [INFO]: 共加载 6 个好友. 
[2023-05-07 21:54:11] [INFO]: 开始加载群列表... 
[2023-05-07 21:54:11] [INFO]: 共加载 6 个群. 
[2023-05-07 21:54:11] [INFO]: 资源初始化完成, 开始处理信息. 
[2023-05-07 21:54:11] [INFO]: アトリは、高性能ですから! 
[2023-05-07 21:54:11] [WARNING]: HTTP 服务器使用了过时的配置格式，请更新配置文件！ 
[2023-05-07 21:54:11] [WARNING]: 正向 Websocket 使用了过时的配置格式，请更新配置文件 
[2023-05-07 21:54:11] [INFO]: CQ WebSocket 服务器已启动: 127.0.0.1:8080 
[2023-05-07 21:54:11] [INFO]: 正在检查更新. 
[2023-05-07 21:54:11] [INFO]: CQ HTTP 服务器已启动: 127.0.0.1:5700 
[2023-05-07 21:54:11] [INFO]: 接受 WebSocket 连接: 127.0.0.1:56530 (/) 
[2023-05-07 21:54:11] [INFO]: 收到服务器地址更新通知, 将在下一次重连时应用.  
[2023-05-07 21:54:12] [INFO]: 检查更新完成. 当前已运行最新版本. 
[2023-05-07 21:54:12] [INFO]: 开始诊断网络情况 
[2023-05-07 21:54:15] [INFO]: 网络诊断完成. 未发现问题 
[2023-05-07 21:55:52] [INFO]: 收到群 一方净土(521255310) 内 Sydrr0(2562312527) 的消息: #sxt 6 (431476514) 
[2023-05-07 21:55:52] [INFO]: 发送群 一方净土(521255310) 的消息: 指令 #sxt 6  ... (1857093556) 
[2023-05-07 21:56:20] [INFO]: 收到群 Xandeor、忘筌、Sydrr0(257506703) 内 Sydrr0(2562312527) 的消息: #sxt 6 (-464060310) 
[2023-05-07 21:56:20] [INFO]: 发送群 Xandeor、忘筌、Sydrr0(257506703) 的消息: 指令 #sxt 6  ... (-1823461124) 
[2023-05-07 21:56:28] [INFO]: 收到群 Xandeor、忘筌、Sydrr0(257506703) 内 Sydrr0(2562312527) 的消息: #echo 6 (173629766) 
[2023-05-07 21:56:29] [INFO]: 发送群 Xandeor、忘筌、Sydrr0(257506703) 的消息: 指令 #echo 6 ... (2103333328) 
[2023-05-07 21:57:20] [INFO]: 当前版本:v1.0.1 
[2023-05-07 21:57:20] [INFO]: 将使用 device.json 内的设备信息运行Bot. 
[2023-05-07 21:57:20] [INFO]: 开始尝试登录并同步消息... 
[2023-05-07 21:57:20] [INFO]: 使用协议: iPad 8.9.33.614 
[2023-05-07 21:57:20] [INFO]: Protocol -> connect to server: 36.155.213.223:8080 
[2023-05-07 21:57:20] [WARNING]: Protocol -> device lock is disable. http api may fail. 
[2023-05-07 21:57:22] [INFO]: 登录成功 欢迎使用: Xandeor 
[2023-05-07 21:57:22] [INFO]: 开始加载好友列表... 
[2023-05-07 21:57:23] [INFO]: 共加载 6 个好友. 
[2023-05-07 21:57:23] [INFO]: 开始加载群列表... 
[2023-05-07 21:57:23] [INFO]: 共加载 6 个群. 
[2023-05-07 21:57:23] [INFO]: 资源初始化完成, 开始处理信息. 
[2023-05-07 21:57:23] [INFO]: アトリは、高性能ですから! 
[2023-05-07 21:57:23] [WARNING]: 正向 Websocket 使用了过时的配置格式，请更新配置文件 
[2023-05-07 21:57:23] [INFO]: 正在检查更新. 
[2023-05-07 21:57:23] [INFO]: CQ WebSocket 服务器已启动: 127.0.0.1:8080 
[2023-05-07 21:57:23] [WARNING]: HTTP 服务器使用了过时的配置格式，请更新配置文件！ 
[2023-05-07 21:57:23] [INFO]: CQ HTTP 服务器已启动: 127.0.0.1:5700 
[2023-05-07 21:57:23] [INFO]: 接受 WebSocket 连接: 127.0.0.1:56610 (/) 
[2023-05-07 21:57:24] [INFO]: 检查更新完成. 当前已运行最新版本. 
[2023-05-07 21:57:24] [INFO]: 开始诊断网络情况 
[2023-05-07 21:57:26] [INFO]: 网络诊断完成. 未发现问题 
[2023-05-07 21:57:31] [INFO]: 收到群 Xandeor、忘筌、Sydrr0(257506703) 内 Sydrr0(2562312527) 的消息: #sxt 哈哈哈 (-482687885) 
[2023-05-07 21:57:32] [INFO]: 发送群 Xandeor、忘筌、Sydrr0(257506703) 的消息: [CQ:reply, ... (-1807878939) 
[2023-05-07 21:57:43] [INFO]: 收到群 一方净土(521255310) 内 Sydrr0(2562312527) 的消息: 就复制 (-2016191871) 
[2023-05-07 21:57:52] [INFO]: 收到群 一方净土(521255310) 内 Sydrr0(2562312527) 的消息: #sxt 6 (517606203) 
[2023-05-07 21:57:53] [INFO]: 发送群 一方净土(521255310) 的消息: [CQ:reply, ... (1776106413) 
[2023-05-07 21:57:59] [INFO]: 收到群 一方净土(521255310) 内 Sydrr0(2562312527) 的消息: 后续还没开发 (-111008196) 
[2023-05-07 21:58:20] [INFO]: 收到群 一方净土(521255310) 内 x:звезда(3043818008) 的消息: #sxt 6 (-1905977686) 
[2023-05-07 21:58:20] [INFO]: 发送群 一方净土(521255310) 的消息: [CQ:reply, ... (-291332273) 
[2023-05-07 21:58:29] [INFO]: 收到群 一方净土(521255310) 内 x:звезда(3043818008) 的消息: #sxt cool (-1717194791) 
[2023-05-07 21:58:29] [INFO]: 发送群 一方净土(521255310) 的消息: [CQ:reply, ... (11337315) 
[2023-05-07 21:58:44] [INFO]: 收到群 一方净土(521255310) 内 Sydrr0(2562312527) 的消息: #sxt 现在就是纯纯复读机 (2007748341) 
[2023-05-07 21:58:44] [INFO]: 发送群 一方净土(521255310) 的消息: [CQ:reply, ... (-372286634) 
[2023-05-07 21:58:54] [INFO]: 收到群 一方净土(521255310) 内 x:звезда(3043818008) 的消息: #sxt 那也很帅了 (-1631032384) 
[2023-05-07 21:58:55] [INFO]: 发送群 一方净土(521255310) 的消息: [CQ:reply, ... (130103930) 
[2023-05-07 21:58:57] [INFO]: 收到群 一方净土(521255310) 内 Sydrr0(2562312527) 的消息: #help (1892027116) 
[2023-05-07 21:58:58] [INFO]: 发送群 一方净土(521255310) 的消息: [CQ:reply, ... (-528935043) 
[2023-05-07 21:59:21] [INFO]: 收到群 一方净土(521255310) 内 Sydrr0(2562312527) 的消息: 我接了个api上去 (-1753339925) 
[2023-05-07 21:59:42] [INFO]: 收到群 一方净土(521255310) 内 Sydrr0(2562312527) 的消息: 用了正向websocket (1765442432) 
[2023-05-07 21:59:44] [INFO]: 收到群 一方净土(521255310) 内 Sydrr0(2562312527) 的消息: [CQ:face,id=277] (507360022) 
[2023-05-07 21:59:58] [INFO]: 收到群 一方净土(521255310) 内 Sydrr0(2562312527) 的消息: 睡觉了 (-2026577236) 
[2023-05-07 21:59:59] [INFO]: 收到群 一方净土(521255310) 内 x:звезда(3043818008) 的消息: 不懂 (-265039302) 
[2023-05-07 22:00:00] [INFO]: 收到群 一方净土(521255310) 内 x:звезда(3043818008) 的消息: nb (1851213721) 
[2023-05-07 22:00:03] [INFO]: 收到群 一方净土(521255310) 内 Sydrr0(2562312527) 的消息: #sxt 晚安 (424703759) 
[2023-05-07 22:00:04] [INFO]: 发送群 一方净土(521255310) 的消息: [CQ:reply, ... (-2141641035) 
[2023-05-07 22:01:23] [INFO]: 收到群 一方净土(521255310) 内 Sydrr0(2562312527) 的消息: 之前那个机器人只能修仙 (-144828893) 
[2023-05-07 22:01:35] [INFO]: 收到群 一方净土(521255310) 内 Sydrr0(2562312527) 的消息: 基于go-cqhttp开发的 (1742801842) 
[2023-05-07 22:01:45] [INFO]: 收到群 一方净土(521255310) 内 Sydrr0(2562312527) 的消息: 闭源 (283523876) 
[2023-05-07 22:01:55] [INFO]: 收到群 一方净土(521255310) 内 Sydrr0(2562312527) 的消息: 所以我打算自己开发 (1881256641) 
[2023-05-07 22:02:45] [INFO]: 收到群 Xandeor、忘筌、Sydrr0(257506703) 内 Sydrr0(2562312527) 的消息: #那你 (221554015) 
[2023-05-07 22:02:45] [INFO]: 发送群 Xandeor、忘筌、Sydrr0(257506703) 的消息: 指令 #那你 不存在 ... (2050201033) 
[2023-05-07 22:02:51] [INFO]: 收到群 Xandeor、忘筌、Sydrr0(257506703) 内 Sydrr0(2562312527) 的消息: #哥哥哥哥 (-359888808) 
[2023-05-07 22:02:51] [INFO]: 发送群 Xandeor、忘筌、Sydrr0(257506703) 的消息: 指令 #哥哥哥哥 不 ... (-1651787570) 
[2023-05-07 22:05:31] [INFO]: 收到群 Xandeor、忘筌、Sydrr0(257506703) 内 Sydrr0(2562312527) 的消息: #sxt [CQ:face,id=277] (-45338325) 
[2023-05-07 22:05:31] [INFO]: 发送群 Xandeor、忘筌、Sydrr0(257506703) 的消息: [CQ:reply, ... (-1974795843) 
[2023-05-07 22:05:46] [INFO]: 收到群 Xandeor、忘筌、Sydrr0(257506703) 内 Sydrr0(2562312527) 的消息: #sxt[CQ:image,file=6a29949460a91adbf9734a517991dd8d.image,subType=0,url=https://gchat.qpic.cn/gchatpic_new/2562312527/4147506703-2936156302-6A29949460A91ADBF9734A517991DD8D/0?term=3&amp;is_origin=0] (323112967) 
[2023-05-07 22:05:47] [INFO]: 发送群 Xandeor、忘筌、Sydrr0(257506703) 的消息: 指令 #sxt[CQ ... (1682268305) 
[2023-05-07 22:06:04] [INFO]: 收到群 Xandeor、忘筌、Sydrr0(257506703) 内 Sydrr0(2562312527) 的消息: #sxt [CQ:image,file=6a29949460a91adbf9734a517991dd8d.image,subType=0,url=https://gchat.qpic.cn/gchatpic_new/2562312527/4147506703-2779832654-6A29949460A91ADBF9734A517991DD8D/0?term=3&amp;is_origin=0] (-98437838) 
[2023-05-07 22:06:04] [INFO]: 发送群 Xandeor、忘筌、Sydrr0(257506703) 的消息: [CQ:reply, ... (-1926838876) 
[2023-05-07 22:07:04] [INFO]: 收到群 一方净土(521255310) 内 Sydrr0(2562312527) 的消息: #sxt [CQ:image,file=93adcc77da0ed3e1f25957adb786babd.image,subType=0,url=https://gchat.qpic.cn/gchatpic_new/2562312527/521255310-2348288524-93ADCC77DA0ED3E1F25957ADB786BABD/0?term=3&amp;is_origin=0] (119964247) 
[2023-05-07 22:07:05] [INFO]: 发送群 一方净土(521255310) 的消息: [CQ:reply, ... (-1641032723) 
[2023-05-07 22:07:22] [INFO]: 收到群 一方净土(521255310) 内 Sydrr0(2562312527) 的消息: ok,你们以后的图片都可以保存到本地 (-383196293) 
[2023-05-07 22:07:37] [INFO]: 收到群 一方净土(521255310) 内 Sydrr0(2562312527) 的消息: #sxt 大撒大撒 (2001499864) 
[2023-05-07 22:07:37] [INFO]: 发送群 一方净土(521255310) 的消息: [CQ:reply, ... (4933198) 
[2023-05-07 22:07:38] [INFO]: 群 一方净土(521255310) 内 Sydrr0(2562312527) 撤回了 Sydrr0(2562312527) 的消息: 2001499864. 
[2023-05-07 22:07:55] [INFO]: 收到群 一方净土(521255310) 内 Sydrr0(2562312527) 的消息: 防撤回哈哈 (-1723721740) 
[2023-05-07 22:07:58] [INFO]: 收到群 一方净土(521255310) 内 Sydrr0(2562312527) 的消息: 我有思路了 (-297457822) 
