[2023-05-17 22:15:57] [INFO]: 当前版本:v1.0.1 
[2023-05-17 22:15:57] [INFO]: 将使用 device.json 内的设备信息运行Bot. 
[2023-05-17 22:15:57] [INFO]: 开始尝试登录并同步消息... 
[2023-05-17 22:15:57] [INFO]: 使用协议: Android Watch 2.0.8 
[2023-05-17 22:15:58] [INFO]: Protocol -> connect to server: [::ffff:36.155.227.171]:14000 
[2023-05-17 22:15:58] [WARNING]: Protocol -> device lock is disable. http api may fail. 
[2023-05-17 22:16:01] [INFO]: 收到服务器地址更新通知, 将在下一次重连时应用.  
[2023-05-17 22:16:02] [INFO]: 登录成功 欢迎使用: root 
[2023-05-17 22:16:02] [INFO]: 开始加载好友列表... 
[2023-05-17 22:16:02] [INFO]: 共加载 6 个好友. 
[2023-05-17 22:16:02] [INFO]: 开始加载群列表... 
[2023-05-17 22:16:04] [INFO]: 共加载 12 个群. 
[2023-05-17 22:16:05] [INFO]: 资源初始化完成, 开始处理信息. 
[2023-05-17 22:16:05] [INFO]: アトリは、高性能ですから! 
[2023-05-17 22:16:05] [WARNING]: 正向 Websocket 使用了过时的配置格式，请更新配置文件 
[2023-05-17 22:16:05] [WARNING]: HTTP 服务器使用了过时的配置格式，请更新配置文件！ 
[2023-05-17 22:16:05] [INFO]: 正在检查更新. 
[2023-05-17 22:16:05] [INFO]: CQ HTTP 服务器已启动: 127.0.0.1:5700 
[2023-05-17 22:16:05] [INFO]: CQ WebSocket 服务器已启动: 127.0.0.1:8080 
[2023-05-17 22:16:05] [INFO]: 接受 WebSocket 连接: 127.0.0.1:57695 (/) 
[2023-05-17 22:16:07] [INFO]: 检查更新完成. 当前已运行最新版本. 
[2023-05-17 22:16:07] [INFO]: 开始诊断网络情况 
[2023-05-17 22:16:09] [INFO]: 网络诊断完成. 未发现问题 
[2023-05-17 22:16:14] [INFO]: 收到群 十三中监狱红山分狱第(1170151918) 内 布川酷子(2562312527) 的消息: #想念 (-599584333) 
[2023-05-17 22:16:17] [INFO]: 群 十三中监狱红山分狱第6区(1170151918) 内 布川酷子(2562312527) 撤回了 布川酷子(2562312527) 的消息: -599584333. 
[2023-05-17 22:16:19] [INFO]: 收到群 十三中监狱红山分狱第(1170151918) 内 布川酷子(2562312527) 的消息: 想念 (-1421598427) 
[2023-05-17 22:16:20] [INFO]: 发送群 十三中监狱红山分狱第6区(1170151918) 的消息: [CQ:reply, ... (843935903) 
[2023-05-17 22:16:41] [INFO]: 收到群 十三中监狱红山分狱第(1170151918) 内 麟佳马(1559389228) 的消息: 想念的第六十九天 (1162493961) 
[2023-05-17 22:19:12] [INFO]: 收到群 csgo友友(725665163) 内 满仓巴黎(1563566948) 的消息: 现在银币，必须猜对冠军才能黄金币吗 (1112919954) 
[2023-05-17 22:19:50] [INFO]: 收到群 csgo友友(725665163) 内 大雕老师(2562312527) 的消息: [CQ:reply,id=1112919954][CQ:at,qq=1563566948] [CQ:at,qq=1563566948] 只能错三个 (279192821) 
[2023-05-17 22:20:01] [INFO]: 收到群 csgo友友(725665163) 内 大雕老师(2562312527) 的消息: 要对6条 (1738740835) 
[2023-05-17 22:20:07] [INFO]: 收到群 csgo友友(725665163) 内 满仓巴黎(1563566948) 的消息: 我瞅瞅 (-22395431) 
[2023-05-17 22:20:31] [INFO]: 收到群 csgo友友(725665163) 内 满仓巴黎(1563566948) 的消息: [CQ:image,file=3a2e4d34711cc496c0f8df6c1046d282.image,subType=0,url=https://gchat.qpic.cn/gchatpic_new/1563566948/725665163-2853718110-3A2E4D34711CC496C0F8DF6C1046D282/0?term=2&amp;is_origin=0] (-1985120945) 
[2023-05-17 22:20:47] [INFO]: 收到群 csgo友友(725665163) 内 大雕老师(2562312527) 的消息: woc (399106284) 
[2023-05-17 22:20:49] [INFO]: 收到群 csgo友友(725665163) 内 大雕老师(2562312527) 的消息: 你对这么多 (1624166522) 
[2023-05-17 22:21:17] [INFO]: 收到群 csgo友友(725665163) 内 无理(2975409489) 的消息: 这不还是银币嘛 (-104365632) 
[2023-05-17 22:21:17] [INFO]: 收到群 csgo友友(725665163) 内 满仓巴黎(1563566948) 的消息: 就挑战者组过了 (-1899974314) 
[2023-05-17 22:21:26] [INFO]: 收到群 csgo友友(725665163) 内 满仓巴黎(1563566948) 的消息: 传奇组没过 (511683783) 
[2023-05-17 22:22:16] [INFO]: 收到群 CSGOOB网站交流群(778471917) 内 莱昂凯16号仓(374512609) 的消息: [CQ:image,file=f0722efb14bbe39d289499f7482998d8.image,subType=0,url=https://gchat.qpic.cn/gchatpic_new/374512609/778471917-3058528118-F0722EFB14BBE39D289499F7482998D8/0?term=2&amp;is_origin=0] (473102575) 
[2023-05-17 22:22:22] [INFO]: 收到群 CSGOOB网站交流群(778471917) 内 莱昂凯16号仓(374512609) 的消息: 有人要咩 (-2059687595) 
[2023-05-17 22:23:43] [INFO]: 收到群 csgo友友(725665163) 内 大雕老师(2562312527) 的消息: 我就对俩 (1769512017) 
[2023-05-17 22:23:45] [INFO]: 收到群 csgo友友(725665163) 内 蜜蜂老师(3259258590) 的消息: [CQ:image,file=ecda29b1b07187991a59736c48a29a5a.image,subType=1,url=https://gchat.qpic.cn/gchatpic_new/3259258590/725665163-2746729454-ECDA29B1B07187991A59736C48A29A5A/0?term=2&amp;is_origin=0] (163517876) 
[2023-05-17 22:23:53] [INFO]: 收到群 csgo友友(725665163) 内 大雕老师(2562312527) 的消息: 不是 (2125997346) 
[2023-05-17 22:23:54] [INFO]: 收到群 csgo友友(725665163) 内 大雕老师(2562312527) 的消息: 三个 (-407800680) 
[2023-05-17 22:23:57] [INFO]: 收到群 csgo友友(725665163) 内 大雕老师(2562312527) 的消息: 😂😂 (-1867103218) 
[2023-05-17 22:24:41] [INFO]: 收到群 csgo友友(725665163) 内 蜜蜂老师(3259258590) 的消息: stem里面宝石有啥用啊 (248697261) 
[2023-05-17 22:24:50] [INFO]: 收到群 csgo友友(725665163) 内 大雕老师(2562312527) 的消息: 换卡 (2044059963) 
[2023-05-17 22:25:12] [INFO]: 收到群 csgo友友(725665163) 内 蜜蜂老师(3259258590) 的消息: [CQ:reply,id=2044059963][CQ:at,qq=2562312527] [CQ:at,qq=2562312527] 卡有什么用 (-522407807) 
[2023-05-17 22:25:20] [INFO]: 收到群 csgo友友(725665163) 内 大雕老师(2562312527) 的消息: 升级 (-1747222505) 
[2023-05-17 22:25:50] [INFO]: 收到群 测试(257506703) 内 Sydrr0(2562312527) 的消息: 趋势 (-1696826161) 
[2023-05-17 22:25:51] [INFO]: 发送群 测试(257506703) 的消息: [CQ:reply, ... (64302453) 
[2023-05-17 22:26:00] [INFO]: 收到群 CSGOOB网站交流群(778471917) 内 鹤唳华亭.(1262340683) 的消息: [CQ:reply,id=473102575][CQ:at,qq=374512609] [CQ:at,qq=374512609] 多少 (-230909501) 
[2023-05-17 22:26:15] [INFO]: 收到群 CSGOOB网站交流群(778471917) 内 莱昂凯16号仓(374512609) 的消息: 2.65 (1817709664) 
[2023-05-17 22:26:31] [INFO]: 收到群 CSGOOB网站交流群(778471917) 内 莱昂凯16号仓(374512609) 的消息: [CQ:at,qq=1262340683]  (459226358) 
[2023-05-17 22:27:46] [INFO]: 收到群 CSGOOB网站交流群(778471917) 内 出 超越(1470950477) 的消息: [CQ:reply,id=-1333282845][CQ:at,qq=3190707762] [CQ:at,qq=3190707762] vgn98pro  (-2108265140) 
[2023-05-17 22:27:57] [INFO]: 收到群 CSGOOB网站交流群(778471917) 内 出 超越(1470950477) 的消息: 手感不错 (-179216934) 
[2023-05-17 22:28:07] [INFO]: 收到群 CSGOOB网站交流群(778471917) 内 蹦卡拉金(997304790) 的消息: 纪念包8折挂刀 (1710112843) 
[2023-05-17 22:28:09] [INFO]: 收到群 csgo友友(725665163) 内 🏝(965481729) 的消息: 经验升级 (124034438) 
[2023-05-17 22:28:16] [INFO]: 收到群 csgo友友(725665163) 内 🏝(965481729) 的消息: 还有机会有打折卷 (1885580560) 
[2023-05-17 22:28:16] [INFO]: 收到群 CSGOOB网站交流群(778471917) 内 蹦卡拉金(997304790) 的消息: [CQ:image,file=63e656b523bce2b65dfc8722bbce3480.image,subType=0,url=https://gchat.qpic.cn/gchatpic_new/997304790/778471917-2389995760-63E656B523BCE2B65DFC8722BBCE3480/0?term=2&amp;is_origin=0] (317288669) 
[2023-05-17 22:28:20] [INFO]: 收到群 CSGOOB网站交流群(778471917) 内 免费内购教学(2300819240) 的消息: 抄底 (-1154148089) 
[2023-05-17 22:28:45] [INFO]: 收到群 CSGOOB网站交流群(778471917) 内 蹦卡拉金(997304790) 的消息: steam已经21块，buff才17 (-869127791) 
[2023-05-17 22:29:18] [INFO]: 收到群 一方净土(521255310) 内 Sydrr0(2562312527) 的消息: md (194303387) 
[2023-05-17 22:29:22] [INFO]: 收到群 一方净土(521255310) 内 Sydrr0(2562312527) 的消息: 服了 (2090067213) 
[2023-05-17 22:30:40] [INFO]: 收到群 csgo友友(725665163) 内 蜜蜂老师(3259258590) 的消息: 哦哦 (1191084915) 
[2023-05-17 22:30:45] [INFO]: 收到群 csgo友友(725665163) 内 蜜蜂老师(3259258590) 的消息: [CQ:image,file=a7246fd2b0a15e0607907d2ec3cffa01.image,subType=1,url=https://gchat.qpic.cn/gchatpic_new/3259258590/725665163-2512561998-A7246FD2B0A15E0607907D2EC3CFFA01/0?term=2&amp;is_origin=0] (838448101) 
[2023-05-17 22:30:50] [INFO]: 收到群 CSGOOB网站交流群(778471917) 内 tim(1169917106) 的消息: [CQ:image,file=7d43cbb6babd722b9fed1bbbfc50efd3.image,subType=0,url=https://gchat.qpic.cn/gchatpic_new/1169917106/778471917-3198064244-7D43CBB6BABD722B9FED1BBBFC50EFD3/0?term=2&amp;is_origin=1] (1429960747) 
[2023-05-17 22:30:58] [INFO]: 收到群 CSGOOB网站交流群(778471917) 内 tim(1169917106) 的消息: [CQ:at,qq=1262340683] 有意可私 (574376125) 
[2023-05-17 22:32:15] [INFO]: 收到群 csgo友友(725665163) 内 Q群管家(1076263731) 的消息: 吗的 (-1460608417) 
[2023-05-17 22:32:19] [INFO]: 收到群 csgo友友(725665163) 内 Q群管家(1076263731) 的消息: [CQ:face,id=11] (-537406775) 
[2023-05-17 22:34:24] [INFO]: 收到群 CSGOOB网站交流群(778471917) 内 🍊收急出不急不收(1224573272) 的消息: [CQ:image,file=28075e1f00e98d5e86571690919947ba.image,subType=0,url=https://gchat.qpic.cn/gchatpic_new/1224573272/778471917-2734442460-28075E1F00E98D5E86571690919947BA/0?term=2&amp;is_origin=0]
汇率崩了？ (-1135026914) 
[2023-05-17 22:35:06] [INFO]: 收到群 CSGOOB网站交流群(778471917) 内 Бохэк.(1780776008) 的消息: 一般 (-882905720) 
[2023-05-17 22:35:11] [INFO]: 收到群 CSGOOB网站交流群(778471917) 内 Бохэк.(1780776008) 的消息: 之前都8过 (1381415986) 
[2023-05-17 22:35:11] [INFO]: 收到群 csgo友友(725665163) 内 蜜蜂老师(3259258590) 的消息: [CQ:image,file=55f48b3f31b0cd2c7775341127fe4538.image,subType=1,url=https://gchat.qpic.cn/gchatpic_new/3259258590/725665163-2212972492-55F48B3F31B0CD2C7775341127FE4538/0?term=2&amp;is_origin=0] (1100171114) 
[2023-05-17 22:35:19] [INFO]: 收到群 CSGOOB网站交流群(778471917) 内 蹦卡拉金(997304790) 的消息: 老美加息弄的 (626101412) 
[2023-05-17 22:35:35] [INFO]: 收到群 十三中监狱红山分狱第(1170151918) 内 快摆没了(3299290962) 的消息: 想念的第六十九天 (-617687638) 
[2023-05-17 22:35:44] [INFO]: 收到群 CSGOOB网站交流群(778471917) 内 绿色网友(2436936591) 的消息: 这还崩啊 (-1242656459) 
[2023-05-17 22:35:47] [INFO]: 收到群 CSGOOB网站交流群(778471917) 内 绿色网友(2436936591) 的消息: 年初7.31 (-1024876125) 
[2023-05-17 22:36:05] [INFO]: 收到群 CSGOOB网站交流群(778471917) 内 绿色网友(2436936591) 的消息: 能不能关心国家大事 (-1574033338) 
[2023-05-17 22:43:28] [INFO]: 收到群 CSGOOB网站交流群(778471917) 内 绿色网友(2436936591) 的消息: 上一年年底还是 (-718726960) 
[2023-05-17 22:43:28] [INFO]: 收到群 CSGOOB网站交流群(778471917) 内 大B老师(赚的都花到字母里面了)(3010338122) 的消息: 不高啊 (1277184362) 
[2023-05-17 22:43:28] [INFO]: 收到群 csgo友友(725665163) 内 all in(1649762514) 的消息: [CQ:face,id=11] (915699708) 
[2023-05-17 22:43:28] [INFO]: 群 csgo友友(725665163) 内 大雕老师(2562312527) 撤回了 大雕老师(2562312527) 的消息: -1348655546. 
[2023-05-17 22:43:28] [INFO]: 收到群 测试(257506703) 内 Sydrr0(2562312527) 的消息: 想念 (-462618510) 
[2023-05-17 22:43:28] [INFO]: 收到群 CSGOOB网站交流群(778471917) 内 🍊收急出不急不收(1224573272) 的消息: [CQ:image,file=9dbab8c37faaa3760a18330297527d42.image,subType=0,url=https://gchat.qpic.cn/gchatpic_new/1224573272/778471917-2638848924-9DBAB8C37FAAA3760A18330297527D42/0?term=2&amp;is_origin=0] (992442876) 
[2023-05-17 22:43:28] [INFO]: 收到群 csgo友友(725665163) 内 大雕老师(2562312527) 的消息: 趋势 (-1348655546) 
[2023-05-17 22:43:28] [INFO]: 收到群 测试(257506703) 内 Sydrr0(2562312527) 的消息: 趋势 (1959927267) 
[2023-05-17 22:43:28] [INFO]: 收到群 测试(257506703) 内 Sydrr0(2562312527) 的消息: 想念 (-1821757212) 
[2023-05-17 22:43:28] [INFO]: 收到群 测试(257506703) 内 Sydrr0(2562312527) 的消息: 想念 (-1046750333) 
[2023-05-17 22:43:28] [INFO]: 收到群 测试(257506703) 内 Sydrr0(2562312527) 的消息: 想念 (-1231230187) 
[2023-05-17 22:43:28] [INFO]: 收到群 测试(257506703) 内 Sydrr0(2562312527) 的消息: 想念 (798341807) 
[2023-05-17 22:43:28] [INFO]: 收到群 测试(257506703) 内 Sydrr0(2562312527) 的消息: 想念 (1485998649) 
[2023-05-17 22:43:28] [INFO]: 收到群 测试(257506703) 内 Sydrr0(2562312527) 的消息: 想念 (-956948582) 
[2023-05-17 22:43:28] [INFO]: 发送群 测试(257506703) 的消息: [CQ:reply, ... (-1203281113) 
[2023-05-17 22:43:28] [INFO]: 发送群 测试(257506703) 的消息: [CQ:reply, ... (-1309593844) 
[2023-05-17 22:43:28] [INFO]: 发送群 测试(257506703) 的消息: [CQ:reply, ... (1610567200) 
[2023-05-17 22:43:28] [INFO]: 发送群 测试(257506703) 的消息: [CQ:reply, ... (687374006) 
[2023-05-17 22:43:28] [INFO]: 发送群 测试(257506703) 的消息: [CQ:reply, ... (-817867855) 
[2023-05-17 22:43:28] [INFO]: 发送群 测试(257506703) 的消息: [CQ:reply, ... (-662639934) 
[2023-05-17 22:43:28] [INFO]: 发送群 测试(257506703) 的消息: [CQ:reply, ... (-1350051244) 
[2023-05-17 22:43:28] [INFO]: 发送群 测试(257506703) 的消息: [CQ:reply, ... (915311598) 
[2023-05-17 22:43:29] [INFO]: 发送群 csgo友友(725665163) 的消息: [CQ:reply, ... (-660990256) 
[2023-05-17 22:44:11] [INFO]: 收到群 csgo友友(725665163) 内 Q群管家(1076263731) 的消息: [CQ:at,qq=1649762514] 21买不 (1210387265) 
[2023-05-17 22:44:27] [INFO]: 收到群 CSGOOB网站交流群(778471917) 内 🌪(2763572363) 的消息: 纪念包这个价格能收吗？/吃糖 (-1522275233) 
[2023-05-17 22:44:34] [INFO]: 收到群 CSGOOB网站交流群(778471917) 内 🌪(2763572363) 的消息: 还会不会下点 (-767238967) 
[2023-05-17 22:44:38] [INFO]: 收到群 csgo友友(725665163) 内 all in(1649762514) 的消息: 21什么 (1059208151) 
[2023-05-17 22:45:01] [INFO]: 收到群 csgo友友(725665163) 内 all in(1649762514) 的消息: 又是什么项目 我今天没看群 (1608888882) 
[2023-05-17 22:45:01] [INFO]: 收到群 csgo友友(725665163) 内 Q群管家(1076263731) 的消息: 21号 (685933220) 
[2023-05-17 22:45:05] [INFO]: 收到群 csgo友友(725665163) 内 Q群管家(1076263731) 的消息: 我要玩刀 (-1309945058) 
[2023-05-17 22:45:07] [INFO]: 收到群 csgo友友(725665163) 内 Q群管家(1076263731) 的消息: [CQ:face,id=11] (-957553784) 
[2023-05-17 22:45:15] [INFO]: 收到群 CSGOOB网站交流群(778471917) 内 蹦卡拉金(997304790) 的消息: 你看看同类的其他包 (1263373683) 
[2023-05-17 22:45:19] [INFO]: 收到群 csgo友友(725665163) 内 all in(1649762514) 的消息: 跌就买 (1485338155) 
[2023-05-17 22:45:41] [INFO]: 收到群 CSGOOB网站交流群(778471917) 内 蹦卡拉金(997304790) 的消息: [CQ:image,file=cde681068ba8bd2ca0d4c7b1981ea291.image,subType=1,url=https://gchat.qpic.cn/gchatpic_new/997304790/778471917-2707550754-CDE681068BA8BD2CA0D4C7B1981EA291/0?term=2&amp;is_origin=0]或者你等15块的时候收 (1011531237) 
[2023-05-17 22:45:43] [INFO]: 收到群 csgo友友(725665163) 内 Q群管家(1076263731) 的消息: 14中午你咋没买[CQ:face,id=108] (797918909) 
[2023-05-17 22:45:44] [INFO]: 收到群 CSGOOB网站交流群(778471917) 内 巴黎major液体内定冠军(173727309) 的消息: 会跌飞 (-1393188748) 
[2023-05-17 22:45:47] [INFO]: 收到群 CSGOOB网站交流群(778471917) 内 巴黎major液体内定冠军(173727309) 的消息: 25块钱 (-604860190) 
[2023-05-17 22:45:52] [INFO]: 收到群 CSGOOB网站交流群(778471917) 内 🌪(2763572363) 的消息: 我想收炼狱小镇的[CQ:face,id=13] (-1996260475) 
[2023-05-17 22:46:07] [INFO]: 收到群 CSGOOB网站交流群(778471917) 内 🌪(2763572363) 的消息: [CQ:image,file=5930dc409f6e7208ef503c642ed1b9b4.image,subType=0,url=https://gchat.qpic.cn/gchatpic_new/2763572363/778471917-2212470204-5930DC409F6E7208EF503C642ED1B9B4/0?term=2&amp;is_origin=0] (-33273069) 
[2023-05-17 22:46:13] [INFO]: 收到群 csgo友友(725665163) 内 all in(1649762514) 的消息: 傻逼了我 (-1232726265) 
[2023-05-17 22:46:22] [INFO]: 收到群 csgo友友(725665163) 内 all in(1649762514) 的消息: 以为还会再跌 (-1048500335) 
[2023-05-17 22:46:27] [INFO]: 收到群 csgo友友(725665163) 内 all in(1649762514) 的消息: &#91;流泪&#93;请使用最新版手机QQ体验新功能 (1363032576) 
[2023-05-17 22:46:29] [INFO]: 收到群 CSGOOB网站交流群(778471917) 内 韭菜侠(1371073277) 的消息: 里面有啥 (1728912041) 
[2023-05-17 22:46:31] [INFO]: 收到群 csgo友友(725665163) 内 Q群管家(1076263731) 的消息: 我和你一样 等下午 (641272470) 
[2023-05-17 22:46:48] [INFO]: 收到群 CSGOOB网站交流群(778471917) 内 🌪(2763572363) 的消息: 意式拉力 (269101631) 
[2023-05-17 22:46:53] [INFO]: 收到群 CSGOOB网站交流群(778471917) 内 韭菜侠(1371073277) 的消息: .... (-1905344612) 
[2023-05-17 22:47:00] [INFO]: 收到群 CSGOOB网站交流群(778471917) 内 韭菜侠(1371073277) 的消息: 那有啥买的 (-110522614) 
[2023-05-17 22:47:15] [INFO]: 收到群 测试(257506703) 内 Sydrr0(2562312527) 的消息: 趋势 (1099545464) 
[2023-05-17 22:47:15] [INFO]: 发送群 测试(257506703) 的消息: [CQ:reply, ... (-538104101) 
[2023-05-17 22:47:16] [INFO]: 收到群 测试(257506703) 内 Sydrr0(2562312527) 的消息: 趋势 (-1461051827) 
[2023-05-17 22:47:16] [INFO]: 发送群 测试(257506703) 的消息: [CQ:reply, ... (836980727) 
[2023-05-17 22:47:17] [INFO]: 收到群 测试(257506703) 内 Sydrr0(2562312527) 的消息: 趋势 (1189379937) 
[2023-05-17 22:47:18] [INFO]: 发送群 测试(257506703) 的消息: [CQ:reply, ... (-698653968) 
[2023-05-17 22:47:38] [INFO]: 收到群 CSGOOB网站交流群(778471917) 内 ..(1262780710) 的消息: 那些丑枪的包 就算绝版也炒不起来吧 (1616961200) 
[2023-05-17 22:47:42] [INFO]: 收到群 CSGOOB网站交流群(778471917) 内 🌪(2763572363) 的消息: 我就想买这个和荒漠迷城的 (392687142) 
[2023-05-17 22:47:49] [INFO]: 收到群 csgo友友(725665163) 内 all in(1649762514) 的消息: 21号听大幕老师发号施令[CQ:face,id=11] (1959322097) 
[2023-05-17 22:48:27] [INFO]: 收到群 csgo友友(725665163) 内 Q群管家(1076263731) 的消息: 跌不了什么了感觉 (63951207) 
[2023-05-17 22:48:31] [INFO]: 收到群 CSGOOB网站交流群(778471917) 内 🌪(2763572363) 的消息: 我觉得553就意式拉力最好看了 (-2015824969) 
[2023-05-17 22:48:59] [INFO]: 收到群 CSGOOB网站交流群(778471917) 内 韭菜侠(1371073277) 的消息: 你买吧 (-253770975) 
[2023-05-17 22:49:01] [INFO]: 收到群 CSGOOB网站交流群(778471917) 内 韭菜侠(1371073277) 的消息: 劝不动 (-1877456188) 
[2023-05-17 22:49:03] [INFO]: 收到群 CSGOOB网站交流群(778471917) 内 Косм0с(504972279) 的消息: 玩命职场也不错 (-417367470) 
[2023-05-17 22:49:08] [INFO]: 收到群 CSGOOB网站交流群(778471917) 内 韭菜侠(1371073277) 的消息: 快去屯 (2115382248) 
[2023-05-17 22:49:13] [INFO]: 收到群 csgo友友(725665163) 内 Q群管家(1076263731) 的消息: 再玩几天[CQ:image,file=b159f7214b06655bfce64f66d0eda4b6.image,subType=0,url=https://gchat.qpic.cn/gchatpic_new/1076263731/725665163-2995527332-B159F7214B06655BFCE64F66D0EDA4B6/0?term=2&amp;is_origin=0] (-1698266915) 
[2023-05-17 22:49:20] [INFO]: 收到群 csgo友友(725665163) 内 Q群管家(1076263731) 的消息: 丢了租个弟弟蝴蝶[CQ:face,id=13] (-306073525) 
[2023-05-17 22:49:25] [INFO]: 收到群 CSGOOB网站交流群(778471917) 内 🌪(2763572363) 的消息: [CQ:face,id=5][CQ:face,id=5] (152116094) 
[2023-05-17 22:49:29] [INFO]: 收到群 CSGOOB网站交流群(778471917) 内 🌪(2763572363) 的消息: 那算了 (-1753903395) 
[2023-05-17 22:49:41] [INFO]: 收到群 十三中监狱红山分狱第(1170151918) 内 郭天一(3154581689) 的消息: 想念的第六十九天 (-1406540484) 
[2023-05-17 22:49:43] [INFO]: 收到群 CSGOOB网站交流群(778471917) 内 🌪(2763572363) 的消息: 还是老实荒漠迷成 (-529351093) 
[2023-05-17 22:49:52] [INFO]: 收到群 CSGOOB网站交流群(778471917) 内 ..(1262780710) 的消息: 不如搞点稀有箱子 (2038165489) 
[2023-05-17 22:50:08] [INFO]: 收到群 CSGOOB网站交流群(778471917) 内 🌪(2763572363) 的消息: 不敢碰箱子 (243064679) 
[2023-05-17 22:50:22] [INFO]: 收到群 csgo友友(725665163) 内 all in(1649762514) 的消息: 出的人多 肯定跌吧 (1940202984) 
[2023-05-17 22:50:41] [INFO]: 收到群 CSGOOB网站交流群(778471917) 内 。(785500446) 的消息: 囤 囤个十年八年你就赢 (-1631337738) 
[2023-05-17 22:50:57] [INFO]: 收到群 CSGOOB网站交流群(778471917) 内 。(785500446) 的消息: [CQ:image,file=c34441c0b8d2de08016e320d76af683c.image,subType=1,url=https://gchat.qpic.cn/gchatpic_new/785500446/778471917-2818457014-C34441C0B8D2DE08016E320D76AF683C/0?term=2&amp;is_origin=0] (-372968864) 
[2023-05-17 22:53:04] [INFO]: 收到群 CSGOOB网站交流群(778471917) 内 大韭菜（满仓安特卫普）被背刺净身出户(2927735958) 的消息: 怎么了被割了？ (-547759101) 
[2023-05-17 22:53:07] [INFO]: 收到群 CSGOOB网站交流群(778471917) 内 大韭菜（满仓安特卫普）被背刺净身出户(2927735958) 的消息: [CQ:image,file=1225237549de0ace448af94e3fb389ed.image,subType=1,url=https://gchat.qpic.cn/gchatpic_new/2927735958/778471917-2813343866-1225237549DE0ACE448AF94E3FB389ED/0?term=2&amp;is_origin=0] (-1470174059) 
[2023-05-17 22:53:59] [INFO]: 收到群 CSGOOB网站交流群(778471917) 内 🌪(2763572363) 的消息: 之前不是传裂空稀有掉落吗？朋友亏了的/吃糖 (827833647) 
[2023-05-17 22:55:02] [INFO]: 收到群 CSGOOB网站交流群(778471917) 内 大韭菜（满仓安特卫普）被背刺净身出户(2927735958) 的消息: 要辩证的看待问题，高价被割了，现在正是抄底的好时机 (1179684281) 
[2023-05-17 22:55:18] [INFO]: 收到群 CSGOOB网站交流群(778471917) 内 收崭新水栽竹 可以走私密(1405540054) 的消息: 1.3以上的水栽竹崭新 (-667674598) 
[2023-05-17 22:55:21] [INFO]: 收到群 CSGOOB网站交流群(778471917) 内 收崭新水栽竹 可以走私密(1405540054) 的消息: 我在等。 (-1355601780) 
[2023-05-17 22:55:23] [INFO]: 收到群 CSGOOB网站交流群(778471917) 内 收崭新水栽竹 可以走私密(1405540054) 的消息: [CQ:image,file=c0f12bb61a875b92fc3c823a717a0ad1.image,subType=1,url=https://gchat.qpic.cn/gchatpic_new/1405540054/778471917-2459974468-C0F12BB61A875B92FC3C823A717A0AD1/0?term=2&amp;is_origin=0] (909801782) 
[2023-05-17 22:55:31] [INFO]: 收到群 CSGOOB网站交流群(778471917) 内 收崭新水栽竹 可以走私密(1405540054) 的消息: 1.3以下瞬秒。 (1094535584) 
[2023-05-17 22:55:50] [INFO]: 收到群 CSGOOB网站交流群(778471917) 内 收崭新水栽竹 可以走私密(1405540054) 的消息: [CQ:image,file=c0f12bb61a875b92fc3c823a717a0ad1.image,subType=1,url=https://gchat.qpic.cn/gchatpic_new/1405540054/778471917-2445453632-C0F12BB61A875B92FC3C823A717A0AD1/0?term=2&amp;is_origin=0] (-779987919) 
